<?xml version="1.0" encoding="UTF-8" ?>
<testsuite tests="2" failures="0" name="com.ahuotala.untitledjavagame.test.PlayerTest" time="0.052" errors="0" skipped="2">
  <properties>
[...]
</properties>
  <testcase classname="com.ahuotala.untitledjavagame.test.PlayerTest" name="testSettingUpCoordinatesWorks" time="0">
    <skipped/>
  </testcase>
  <testcase classname="com.ahuotala.untitledjavagame.test.PlayerTest" name="testSettingDirectionWorks" time="0.002">
    <skipped/>
  </testcase>
</testsuite>